TN:Report
SF:/Users/arkadiy/Documents/Git/GitHub/decimal/src/s21_decimal/s21_add.c
FNL:0,25,56
FNA:0,2185,s21_add
FNF:1
FNH:1
DA:25,2185
DA:26,2185
DA:27,2185
DA:28,2185
DA:29,2185
DA:30,2185
DA:31,2185
DA:32,2172
DA:33,2172
DA:34,2172
DA:35,13
DA:36,4
DA:37,4
DA:38,13
DA:39,2172
DA:41,23
DA:42,12
DA:43,17
DA:45,16
DA:46,16
DA:47,16
DA:48,7
DA:49,7
DA:52,2193
DA:53,2180
DA:54,2180
DA:55,2180
DA:56,2193
LF:28
LH:28
end_of_record
TN:Report
SF:/Users/arkadiy/Documents/Git/GitHub/decimal/src/s21_decimal/s21_calculating_sub_mantissa.c
FNL:0,10,33
FNA:0,798,s21_calculating_sub_mantissa
FNF:1
FNH:1
DA:10,798
DA:11,798
DA:12,77406
DA:13,76608
DA:14,76608
DA:15,76608
DA:16,2956
DA:17,5544
DA:18,2588
DA:20,2956
DA:21,2956
DA:22,2956
DA:23,5544
DA:24,2588
DA:25,2588
DA:27,2956
DA:28,2956
DA:29,76608
DA:30,76608
DA:32,798
DA:33,798
LF:21
LH:21
end_of_record
TN:Report
SF:/Users/arkadiy/Documents/Git/GitHub/decimal/src/s21_decimal/s21_calculating_sum_mantissa.c
FNL:0,8,18
FNA:0,3801,s21_calculating_sum_mantissa
FNF:1
FNH:1
DA:8,3801
DA:9,3801
DA:10,368697
DA:11,364896
DA:12,364896
DA:13,364896
DA:14,364896
DA:16,3801
DA:17,3736
DA:18,3801
LF:10
LH:10
end_of_record
TN:Report
SF:/Users/arkadiy/Documents/Git/GitHub/decimal/src/s21_decimal/s21_copy.c
FNL:0,3,7
FNA:0,6008,s21_copy
FNF:1
FNH:1
DA:3,6008
DA:4,30040
DA:5,24032
DA:6,24032
DA:7,6008
LF:5
LH:5
end_of_record
TN:Report
SF:/Users/arkadiy/Documents/Git/GitHub/decimal/src/s21_decimal/s21_decimal_is_zero.c
FNL:0,3,4
FNA:0,22865,s21_decimal_is_zero
FNF:1
FNH:1
DA:3,22865
DA:4,22865
LF:2
LH:2
end_of_record
TN:Report
SF:/Users/arkadiy/Documents/Git/GitHub/decimal/src/s21_decimal/s21_decimal_to_int.c
FNL:0,3,24
FNA:0,17,s21_from_decimal_to_int
FNF:1
FNH:1
DA:3,17
DA:4,17
DA:5,17
DA:7,17
DA:8,17
DA:9,17
DA:10,8
DA:11,2
DA:13,6
DA:15,6
DA:16,9
DA:17,1
DA:19,8
DA:22,14
DA:23,14
DA:24,17
LF:16
LH:16
end_of_record
TN:Report
SF:/Users/arkadiy/Documents/Git/GitHub/decimal/src/s21_decimal/s21_div.c
FNL:0,131,133
FNA:0,205,s21_decimal_is_full
FNL:1,28,94
FNA:1,42,s21_div
FNL:2,96,128
FNA:2,214,s21_div_with_remainder
FNF:3
FNH:3
DA:28,42
DA:29,42
DA:30,38
DA:31,38
DA:32,38
DA:33,38
DA:34,38
DA:35,38
DA:36,38
DA:37,38
DA:38,38
DA:39,38
DA:40,209
DA:41,171
DA:42,171
DA:44,1
DA:45,1
DA:46,1
DA:47,170
DA:48,170
DA:49,170
DA:50,170
DA:54,38
DA:56,6
DA:57,6
DA:59,6
DA:60,6
DA:61,6
DA:62,6
DA:63,1
DA:64,1
DA:65,1
DA:66,1
DA:67,1
DA:68,1
DA:69,1
DA:70,1
DA:71,1
DA:72,1
DA:73,6
DA:74,3
DA:75,3
DA:76,3
DA:77,3
DA:78,3
DA:80,6
DA:82,41
DA:83,6
DA:84,3
DA:86,3
DA:88,35
DA:89,35
DA:90,35
DA:91,35
DA:93,35
DA:94,42
DA:96,214
DA:97,214
DA:98,214
DA:99,214
DA:100,214
DA:101,214
DA:102,214
DA:103,969
DA:104,755
DA:105,755
DA:106,755
DA:107,755
DA:109,20336
DA:110,19581
DA:111,19565
DA:112,19565
DA:113,19565
DA:114,16
DA:117,755
DA:118,739
DA:119,739
DA:120,739
DA:121,755
DA:123,755
DA:124,755
DA:125,755
DA:127,214
DA:128,214
DA:131,205
DA:132,205
DA:133,205
LF:87
LH:87
end_of_record
TN:Report
SF:/Users/arkadiy/Documents/Git/GitHub/decimal/src/s21_decimal/s21_divide_by_10.c
FNL:0,3,12
FNA:0,71,s21_divide_by_10
FNF:1
FNH:1
DA:3,71
DA:4,71
DA:5,71
DA:6,284
DA:7,213
DA:8,213
DA:9,213
DA:10,213
DA:11,71
DA:12,71
LF:10
LH:10
end_of_record
TN:Report
SF:/Users/arkadiy/Documents/Git/GitHub/decimal/src/s21_decimal/s21_get_bit.c
FNL:0,3,14
FNA:0,3553719,s21_get_bit
FNF:1
FNH:1
DA:3,3553719
DA:4,3553719
DA:5,3553719
DA:6,1190937
DA:7,3553719
DA:8,1186789
DA:9,2362782
DA:10,1175993
DA:11,1175993
DA:12,0
DA:13,0
DA:14,3553719
LF:12
LH:10
end_of_record
TN:Report
SF:/Users/arkadiy/Documents/Git/GitHub/decimal/src/s21_decimal/s21_get_exp.c
FNL:0,3,4
FNA:0,115390,s21_get_exp
FNF:1
FNH:1
DA:3,115390
DA:4,115390
LF:2
LH:2
end_of_record
TN:Report
SF:/Users/arkadiy/Documents/Git/GitHub/decimal/src/s21_decimal/s21_get_sign.c
FNL:0,3,4
FNA:0,50069,s21_get_sign
FNF:1
FNH:1
DA:3,50069
DA:4,50069
LF:2
LH:2
end_of_record
TN:Report
SF:/Users/arkadiy/Documents/Git/GitHub/decimal/src/s21_decimal/s21_greater_equal.c
FNL:0,3,4
FNA:0,21289,s21_is_greater_or_equal
FNF:1
FNH:1
DA:3,21289
DA:4,21289
LF:2
LH:2
end_of_record
TN:Report
SF:/Users/arkadiy/Documents/Git/GitHub/decimal/src/s21_decimal/s21_is_equal.c
FNL:0,6,13
FNA:0,1141,s21_is_equal
FNF:1
FNH:1
DA:6,1141
DA:7,1141
DA:8,17
DA:10,1124
DA:11,1124
DA:12,1124
DA:13,1141
LF:7
LH:7
end_of_record
TN:Report
SF:/Users/arkadiy/Documents/Git/GitHub/decimal/src/s21_decimal/s21_is_greater.c
FNL:0,6,21
FNA:0,21378,s21_is_greater
FNF:1
FNH:1
DA:6,21378
DA:7,21378
DA:8,1
DA:10,21377
DA:11,21377
DA:12,21377
DA:13,61
DA:14,21316
DA:15,21316
DA:16,21316
DA:17,21316
DA:18,9965
DA:19,3492
DA:20,56
DA:21,21378
LF:15
LH:15
end_of_record
TN:Report
SF:/Users/arkadiy/Documents/Git/GitHub/decimal/src/s21_decimal/s21_less.c
FNL:0,3,4
FNA:0,44,s21_is_less
FNF:1
FNH:1
DA:3,44
DA:4,44
LF:2
LH:2
end_of_record
TN:Report
SF:/Users/arkadiy/Documents/Git/GitHub/decimal/src/s21_decimal/s21_mul.c
FNL:0,21,64
FNA:0,588,s21_mul
FNF:1
FNH:1
DA:21,588
DA:22,588
DA:23,588
DA:24,588
DA:25,588
DA:26,588
DA:27,588
DA:28,588
DA:29,588
DA:30,588
DA:31,55710
DA:32,55136
DA:33,1208
DA:34,1208
DA:35,1208
DA:36,4508
DA:37,3300
DA:38,3300
DA:40,1210
DA:41,14
DA:42,12
DA:44,2
DA:45,2
DA:47,1196
DA:48,0
DA:50,1196
DA:51,1196
DA:52,2
DA:54,1194
DA:55,55122
DA:56,574
DA:57,574
DA:58,0
DA:59,0
DA:61,574
DA:62,574
DA:63,574
DA:64,588
LF:38
LH:35
end_of_record
TN:Report
SF:/Users/arkadiy/Documents/Git/GitHub/decimal/src/s21_decimal/s21_multiplication_by_10.c
FNL:0,3,10
FNA:0,6,s21_multiplication_by_10
FNF:1
FNH:1
DA:3,6
DA:4,6
DA:5,6
DA:6,6
DA:7,6
DA:8,6
DA:9,6
DA:10,6
LF:8
LH:8
end_of_record
TN:Report
SF:/Users/arkadiy/Documents/Git/GitHub/decimal/src/s21_decimal/s21_normalize_decimal.c
FNL:0,3,16
FNA:0,55701,s21_normalize_decimal
FNF:1
FNH:1
DA:3,55701
DA:4,56155
DA:5,950
DA:6,950
DA:7,950
DA:8,950
DA:9,454
DA:10,454
DA:11,496
DA:14,55205
DA:16,55701
LF:11
LH:11
end_of_record
TN:Report
SF:/Users/arkadiy/Documents/Git/GitHub/decimal/src/s21_decimal/s21_scale_decrease.c
FNL:0,3,17
FNA:0,1543,s21_scale_decrease
FNF:1
FNH:1
DA:3,1543
DA:4,1543
DA:5,50
DA:7,3108
DA:8,1615
DA:9,6460
DA:10,4845
DA:11,4845
DA:12,4845
DA:13,4845
DA:14,1615
DA:15,1615
DA:16,1493
DA:17,1543
LF:14
LH:14
end_of_record
TN:Report
SF:/Users/arkadiy/Documents/Git/GitHub/decimal/src/s21_decimal/s21_scale_equalize_with_bank_rounding_for_add_and_sub.c
FNL:0,3,53
FNA:0,2994,s21_scale_equalize_with_bank_rounding_for_add_and_sub
FNF:1
FNH:1
DA:3,2994
DA:4,2994
DA:5,2994
DA:6,2994
DA:7,89
DA:8,38
DA:9,84
DA:10,46
DA:12,38
DA:13,5
DA:14,5
DA:15,5
DA:16,5
DA:17,5
DA:18,5
DA:19,5
DA:20,5
DA:21,1
DA:22,1
DA:23,1
DA:24,1
DA:25,1
DA:26,5
DA:28,38
DA:29,51
DA:30,168
DA:31,117
DA:33,51
DA:34,26
DA:35,26
DA:36,26
DA:37,26
DA:38,26
DA:39,26
DA:40,26
DA:42,26
DA:43,16
DA:44,16
DA:45,16
DA:46,16
DA:47,16
DA:49,26
DA:52,89
DA:53,2994
LF:44
LH:44
end_of_record
TN:Report
SF:/Users/arkadiy/Documents/Git/GitHub/decimal/src/s21_decimal/s21_scale_equalize_with_bit_drop.c
FNL:0,3,21
FNA:0,21316,s21_scale_equalize_with_bit_drop
FNF:1
FNH:1
DA:3,21316
DA:4,21316
DA:5,21316
DA:6,21316
DA:7,37
DA:8,19
DA:9,300
DA:10,281
DA:12,19
DA:13,19
DA:14,18
DA:15,230
DA:16,212
DA:18,18
DA:20,37
DA:21,21316
LF:16
LH:16
end_of_record
TN:Report
SF:/Users/arkadiy/Documents/Git/GitHub/decimal/src/s21_decimal/s21_scale_increase.c
FNL:0,6,28
FNA:0,1606,s21_scale_increase
FNF:1
FNH:1
DA:6,1606
DA:7,1606
DA:8,1606
DA:9,3167
DA:10,1605
DA:11,1605
DA:12,1605
DA:14,1605
DA:15,1605
DA:17,1605
DA:19,43
DA:22,1562
DA:23,1562
DA:24,1562
DA:25,1562
DA:26,1562
DA:27,1562
DA:28,1606
LF:18
LH:18
end_of_record
TN:Report
SF:/Users/arkadiy/Documents/Git/GitHub/decimal/src/s21_decimal/s21_set_bit.c
FNL:0,3,14
FNA:0,3081864,s21_set_bit
FNF:1
FNH:1
DA:3,3081864
DA:5,3081864
DA:6,3081864
DA:7,3081864
DA:8,3081864
DA:9,2818639
DA:10,3081864
DA:11,263225
DA:12,263225
DA:13,3081864
DA:14,3081864
LF:11
LH:11
end_of_record
TN:Report
SF:/Users/arkadiy/Documents/Git/GitHub/decimal/src/s21_decimal/s21_set_exp.c
FNL:0,3,14
FNA:0,5646,s21_set_exp
FNF:1
FNH:1
DA:3,5646
DA:4,5646
DA:5,50805
DA:6,45160
DA:7,45160
DA:8,40012
DA:9,45160
DA:10,5148
DA:11,5148
DA:12,45160
DA:13,5645
DA:14,5646
LF:12
LH:12
end_of_record
TN:Report
SF:/Users/arkadiy/Documents/Git/GitHub/decimal/src/s21_decimal/s21_set_sign.c
FNL:0,3,9
FNA:0,3111,s21_set_sign
FNF:1
FNH:1
DA:3,3111
DA:4,3111
DA:5,3036
DA:6,3111
DA:7,75
DA:8,75
DA:9,3111
LF:7
LH:7
end_of_record
TN:Report
SF:/Users/arkadiy/Documents/Git/GitHub/decimal/src/s21_decimal/s21_shift_bits_to_left.c
FNL:0,3,12
FNA:0,26842,s21_shift_bits_to_left
FNF:1
FNH:1
DA:3,26842
DA:4,26842
DA:5,2542444
DA:6,2515737
DA:7,2515737
DA:8,74842
DA:9,48135
DA:10,48135
DA:11,26707
DA:12,26842
LF:10
LH:10
end_of_record
TN:Report
SF:/Users/arkadiy/Documents/Git/GitHub/decimal/src/s21_decimal/s21_shift_bits_to_right.c
FNL:0,3,18
FNA:0,740,s21_shift_bits_to_right
FNF:1
FNH:1
DA:3,740
DA:4,740
DA:5,740
DA:6,1
DA:7,1
DA:8,1
DA:9,1
DA:11,70944
DA:12,70205
DA:13,70205
DA:14,1478
DA:15,739
DA:16,739
DA:17,739
DA:18,740
LF:15
LH:15
end_of_record
TN:Report
SF:/Users/arkadiy/Documents/Git/GitHub/decimal/src/s21_decimal/s21_sub.c
FNL:0,24,58
FNA:0,801,s21_sub
FNF:1
FNH:1
DA:24,801
DA:25,801
DA:26,801
DA:27,801
DA:28,801
DA:29,801
DA:30,801
DA:31,801
DA:32,801
DA:33,801
DA:34,24
DA:35,24
DA:36,24
DA:37,9
DA:38,4
DA:39,4
DA:40,9
DA:41,24
DA:43,1148
DA:44,504
DA:45,410
DA:47,738
DA:48,738
DA:49,738
DA:50,39
DA:51,39
DA:54,801
DA:55,792
DA:56,792
DA:57,792
DA:58,801
LF:31
LH:31
end_of_record
TN:Report
SF:/Users/arkadiy/Documents/Git/GitHub/decimal/src/s21_decimal/s21_truncate.c
FNL:0,3,12
FNA:0,24,s21_truncate
FNF:1
FNH:1
DA:3,24
DA:4,24
DA:5,23
DA:6,61
DA:7,38
DA:8,38
DA:10,23
DA:11,23
DA:12,24
LF:9
LH:9
end_of_record
