TN:Report
SF:/Users/arkadiy/Documents/Git/GitHub/decimal/src/s21_decimal/s21_add.c
FNL:0,25,56
FNA:0,158,s21_add
FNF:1
FNH:1
DA:25,158
DA:26,158
DA:27,158
DA:28,158
DA:29,158
DA:30,158
DA:31,158
DA:32,145
DA:33,145
DA:34,145
DA:35,10
DA:36,4
DA:37,4
DA:38,10
DA:39,145
DA:41,23
DA:42,12
DA:43,17
DA:45,16
DA:46,16
DA:47,16
DA:48,7
DA:49,7
DA:52,166
DA:53,156
DA:54,156
DA:55,156
DA:56,166
LF:28
LH:28
end_of_record
TN:Report
SF:/Users/arkadiy/Documents/Git/GitHub/decimal/src/s21_decimal/s21_calculating_sub_mantissa.c
FNL:0,10,33
FNA:0,43,s21_calculating_sub_mantissa
FNF:1
FNH:1
DA:10,43
DA:11,43
DA:12,4171
DA:13,4128
DA:14,4128
DA:15,4128
DA:16,36
DA:17,70
DA:18,34
DA:20,36
DA:21,36
DA:22,36
DA:23,70
DA:24,34
DA:25,34
DA:27,36
DA:28,36
DA:29,4128
DA:30,4128
DA:32,43
DA:33,43
LF:21
LH:21
end_of_record
TN:Report
SF:/Users/arkadiy/Documents/Git/GitHub/decimal/src/s21_decimal/s21_calculating_sum_mantissa.c
FNL:0,8,18
FNA:0,1712,s21_calculating_sum_mantissa
FNF:1
FNH:1
DA:8,1712
DA:9,1712
DA:10,166064
DA:11,164352
DA:12,164352
DA:13,164352
DA:14,164352
DA:16,1712
DA:17,1650
DA:18,1712
LF:10
LH:10
end_of_record
TN:Report
SF:/Users/arkadiy/Documents/Git/GitHub/decimal/src/s21_decimal/s21_copy.c
FNL:0,3,7
FNA:0,331,s21_copy
FNF:1
FNH:1
DA:3,331
DA:4,1655
DA:5,1324
DA:6,1324
DA:7,331
LF:5
LH:5
end_of_record
TN:Report
SF:/Users/arkadiy/Documents/Git/GitHub/decimal/src/s21_decimal/s21_decimal_is_zero.c
FNL:0,3,4
FNA:0,223,s21_decimal_is_zero
FNF:1
FNH:1
DA:3,223
DA:4,223
LF:2
LH:2
end_of_record
TN:Report
SF:/Users/arkadiy/Documents/Git/GitHub/decimal/src/s21_decimal/s21_divide_by_10.c
FNL:0,3,12
FNA:0,62,s21_divide_by_10
FNF:1
FNH:1
DA:3,62
DA:4,62
DA:5,62
DA:6,248
DA:7,186
DA:8,186
DA:9,186
DA:10,186
DA:11,62
DA:12,62
LF:10
LH:10
end_of_record
TN:Report
SF:/Users/arkadiy/Documents/Git/GitHub/decimal/src/s21_decimal/s21_get_bit.c
FNL:0,3,14
FNA:0,736965,s21_get_bit
FNF:1
FNH:1
DA:3,736965
DA:4,736965
DA:5,736965
DA:6,247732
DA:7,736965
DA:8,247648
DA:9,489233
DA:10,241585
DA:11,241585
DA:12,0
DA:13,0
DA:14,736965
LF:12
LH:10
end_of_record
TN:Report
SF:/Users/arkadiy/Documents/Git/GitHub/decimal/src/s21_decimal/s21_get_exp.c
FNL:0,3,4
FNA:0,9333,s21_get_exp
FNF:1
FNH:1
DA:3,9333
DA:4,9333
LF:2
LH:2
end_of_record
TN:Report
SF:/Users/arkadiy/Documents/Git/GitHub/decimal/src/s21_decimal/s21_get_sign.c
FNL:0,3,4
FNA:0,723,s21_get_sign
FNF:1
FNH:1
DA:3,723
DA:4,723
LF:2
LH:2
end_of_record
TN:Report
SF:/Users/arkadiy/Documents/Git/GitHub/decimal/src/s21_decimal/s21_is_equal.c
FNL:0,6,13
FNA:0,112,s21_is_equal
FNF:1
FNH:1
DA:6,112
DA:7,112
DA:8,13
DA:10,99
DA:11,99
DA:12,99
DA:13,112
LF:7
LH:7
end_of_record
TN:Report
SF:/Users/arkadiy/Documents/Git/GitHub/decimal/src/s21_decimal/s21_is_greater.c
FNL:0,6,21
FNA:0,89,s21_is_greater
FNF:1
FNH:1
DA:6,89
DA:7,89
DA:8,1
DA:10,88
DA:11,88
DA:12,88
DA:13,30
DA:14,58
DA:15,58
DA:16,58
DA:17,58
DA:18,34
DA:19,34
DA:20,8
DA:21,89
LF:15
LH:15
end_of_record
TN:Report
SF:/Users/arkadiy/Documents/Git/GitHub/decimal/src/s21_decimal/s21_less.c
FNL:0,3,4
FNA:0,44,s21_is_less
FNF:1
FNH:1
DA:3,44
DA:4,44
LF:2
LH:2
end_of_record
TN:Report
SF:/Users/arkadiy/Documents/Git/GitHub/decimal/src/s21_decimal/s21_mul.c
FNL:0,21,64
FNA:0,36,s21_mul
FNF:1
FNH:1
DA:21,36
DA:22,36
DA:23,36
DA:24,36
DA:25,36
DA:26,36
DA:27,36
DA:28,36
DA:29,36
DA:30,36
DA:31,2827
DA:32,2798
DA:33,109
DA:34,109
DA:35,109
DA:36,1223
DA:37,1114
DA:38,1114
DA:40,111
DA:41,7
DA:42,5
DA:44,2
DA:45,2
DA:47,104
DA:48,0
DA:50,104
DA:51,104
DA:52,2
DA:54,102
DA:55,2791
DA:56,29
DA:57,29
DA:58,0
DA:59,0
DA:61,29
DA:62,29
DA:63,29
DA:64,36
LF:38
LH:35
end_of_record
TN:Report
SF:/Users/arkadiy/Documents/Git/GitHub/decimal/src/s21_decimal/s21_normalize_decimal.c
FNL:0,3,16
FNA:0,1032,s21_normalize_decimal
FNF:1
FNH:1
DA:3,1032
DA:4,1483
DA:5,888
DA:6,888
DA:7,888
DA:8,888
DA:9,451
DA:10,451
DA:11,437
DA:14,595
DA:16,1032
LF:11
LH:11
end_of_record
TN:Report
SF:/Users/arkadiy/Documents/Git/GitHub/decimal/src/s21_decimal/s21_scale_decrease.c
FNL:0,3,17
FNA:0,1440,s21_scale_decrease
FNF:1
FNH:1
DA:3,1440
DA:4,1440
DA:5,50
DA:7,2902
DA:8,1512
DA:9,6048
DA:10,4536
DA:11,4536
DA:12,4536
DA:13,4536
DA:14,1512
DA:15,1512
DA:16,1390
DA:17,1440
LF:14
LH:14
end_of_record
TN:Report
SF:/Users/arkadiy/Documents/Git/GitHub/decimal/src/s21_decimal/s21_scale_equalize_with_bank_rounding_for_add_and_sub.c
FNL:0,3,51
FNA:0,212,s21_scale_equalize_with_bank_rounding_for_add_and_sub
FNF:1
FNH:1
DA:3,212
DA:4,212
DA:5,212
DA:6,212
DA:7,89
DA:8,38
DA:9,84
DA:10,46
DA:12,38
DA:13,5
DA:14,5
DA:15,5
DA:16,5
DA:17,5
DA:18,5
DA:19,5
DA:20,5
DA:21,1
DA:22,1
DA:23,1
DA:24,1
DA:25,5
DA:27,38
DA:28,51
DA:29,168
DA:30,117
DA:32,51
DA:33,26
DA:34,26
DA:35,26
DA:36,26
DA:37,26
DA:38,26
DA:39,26
DA:41,26
DA:42,16
DA:43,16
DA:44,16
DA:45,16
DA:47,26
DA:50,89
DA:51,212
LF:42
LH:42
end_of_record
TN:Report
SF:/Users/arkadiy/Documents/Git/GitHub/decimal/src/s21_decimal/s21_scale_equalize_with_bit_drop.c
FNL:0,3,21
FNA:0,58,s21_scale_equalize_with_bit_drop
FNF:1
FNH:1
DA:3,58
DA:4,58
DA:5,58
DA:6,58
DA:7,37
DA:8,19
DA:9,300
DA:10,281
DA:12,19
DA:13,19
DA:14,18
DA:15,230
DA:16,212
DA:18,18
DA:20,37
DA:21,58
LF:16
LH:16
end_of_record
TN:Report
SF:/Users/arkadiy/Documents/Git/GitHub/decimal/src/s21_decimal/s21_scale_increase.c
FNL:0,6,28
FNA:0,1544,s21_scale_increase
FNF:1
FNH:1
DA:6,1544
DA:7,1544
DA:8,1544
DA:9,3043
DA:10,1543
DA:11,1543
DA:12,1543
DA:14,1543
DA:15,1543
DA:17,1543
DA:19,43
DA:22,1500
DA:23,1500
DA:24,1500
DA:25,1500
DA:26,1500
DA:27,1500
DA:28,1544
LF:18
LH:18
end_of_record
TN:Report
SF:/Users/arkadiy/Documents/Git/GitHub/decimal/src/s21_decimal/s21_set_bit.c
FNL:0,3,14
FNA:0,571750,s21_set_bit
FNF:1
FNH:1
DA:3,571750
DA:5,571750
DA:6,571750
DA:7,571750
DA:8,571750
DA:9,473098
DA:10,571750
DA:11,98652
DA:12,98652
DA:13,571750
DA:14,571750
LF:11
LH:11
end_of_record
TN:Report
SF:/Users/arkadiy/Documents/Git/GitHub/decimal/src/s21_decimal/s21_set_exp.c
FNL:0,3,14
FNA:0,3138,s21_set_exp
FNF:1
FNH:1
DA:3,3138
DA:4,3138
DA:5,28233
DA:6,25096
DA:7,25096
DA:8,20219
DA:9,25096
DA:10,4877
DA:11,4877
DA:12,25096
DA:13,3137
DA:14,3138
LF:12
LH:12
end_of_record
TN:Report
SF:/Users/arkadiy/Documents/Git/GitHub/decimal/src/s21_decimal/s21_set_sign.c
FNL:0,3,9
FNA:0,164,s21_set_sign
FNF:1
FNH:1
DA:3,164
DA:4,164
DA:5,128
DA:6,164
DA:7,36
DA:8,36
DA:9,164
LF:7
LH:7
end_of_record
TN:Report
SF:/Users/arkadiy/Documents/Git/GitHub/decimal/src/s21_decimal/s21_shift_bits_to_left.c
FNL:0,3,12
FNA:0,4200,s21_shift_bits_to_left
FNF:1
FNH:1
DA:3,4200
DA:4,4200
DA:5,400114
DA:6,395914
DA:7,395914
DA:8,11486
DA:9,7286
DA:10,7286
DA:11,4200
DA:12,4200
LF:10
LH:10
end_of_record
TN:Report
SF:/Users/arkadiy/Documents/Git/GitHub/decimal/src/s21_decimal/s21_sub.c
FNL:0,24,58
FNA:0,40,s21_sub
FNF:1
FNH:1
DA:24,40
DA:25,40
DA:26,40
DA:27,40
DA:28,40
DA:29,40
DA:30,40
DA:31,40
DA:32,40
DA:33,40
DA:34,24
DA:35,24
DA:36,24
DA:37,9
DA:38,4
DA:39,4
DA:40,9
DA:41,24
DA:43,27
DA:44,13
DA:45,19
DA:47,20
DA:48,20
DA:49,20
DA:50,8
DA:51,8
DA:54,46
DA:55,37
DA:56,37
DA:57,37
DA:58,46
LF:31
LH:31
end_of_record
